# JRE version: Java(TM) SE Runtime Environment (17.0.10+11) (build 17.0.10+11-LTS-240)
# Java VM: Java HotSpot(TM) 64-Bit Server VM (17.0.10+11-LTS-240, mixed mode, sharing, tiered, compressed oops, compressed class ptrs, g1 gc, windows-amd64)
GC Precious Log:
 CPUs: 12 total, 12 available
 Memory: 32581M
 Large Page Support: Disabled
 NUMA Support: Disabled
 Compressed Oops: Enabled (32-bit)
 Heap Region Size: 1M
 Heap Min Capacity: 256M
 Heap Initial Capacity: 256M
 Heap Max Capacity: 512M
 Pre-touch: Disabled
 Parallel Workers: 10
 Concurrent Workers: 3
 Concurrent Refinement Workers: 10
 Periodic GC: Disabled
Heap:
 garbage-first heap   total 262144K, used 141305K [0x00000000e0000000, 0x0000000100000000)
  region size 1024K, 18 young (18432K), 10 survivors (10240K)
 Metaspace       used 141437K, committed 142336K, reserved 458752K
  class space    used 17859K, committed 18304K, reserved 327680K
GC Heap History (20 events):
Event: 546.927 GC heap before
{Heap before GC invocations=17 (full 0):
 garbage-first heap   total 262144K, used 98906K [0x00000000e0000000, 0x0000000100000000)
  region size 1024K, 12 young (12288K), 9 survivors (9216K)
 Metaspace       used 108783K, committed 109440K, reserved 458752K
  class space    used 14603K, committed 14912K, reserved 327680K
}
Event: 546.930 GC heap after
{Heap after GC invocations=18 (full 0):
 garbage-first heap   total 262144K, used 96695K [0x00000000e0000000, 0x0000000100000000)
  region size 1024K, 2 young (2048K), 2 survivors (2048K)
 Metaspace       used 108783K, committed 109440K, reserved 458752K
  class space    used 14603K, committed 14912K, reserved 327680K
}
Event: 547.583 GC heap before
{Heap before GC invocations=18 (full 0):
 garbage-first heap   total 262144K, used 210359K [0x00000000e0000000, 0x0000000100000000)
  region size 1024K, 113 young (115712K), 2 survivors (2048K)
 Metaspace       used 123447K, committed 124096K, reserved 458752K
  class space    used 16151K, committed 16448K, reserved 327680K
}
Event: 547.585 GC heap after
{Heap after GC invocations=19 (full 0):
 garbage-first heap   total 262144K, used 100277K [0x00000000e0000000, 0x0000000100000000)
  region size 1024K, 5 young (5120K), 5 survivors (5120K)
 Metaspace       used 123447K, committed 124096K, reserved 458752K
  class space    used 16151K, committed 16448K, reserved 327680K
}
Event: 548.082 GC heap before
{Heap before GC invocations=20 (full 0):
 garbage-first heap   total 262144K, used 213941K [0x00000000e0000000, 0x0000000100000000)
  region size 1024K, 115 young (117760K), 5 survivors (5120K)
 Metaspace       used 125732K, committed 126336K, reserved 458752K
  class space    used 16303K, committed 16576K, reserved 327680K
}
Event: 548.087 GC heap after
{Heap after GC invocations=21 (full 0):
 garbage-first heap   total 262144K, used 110575K [0x00000000e0000000, 0x0000000100000000)
  region size 1024K, 15 young (15360K), 15 survivors (15360K)
 Metaspace       used 125732K, committed 126336K, reserved 458752K
  class space    used 16303K, committed 16576K, reserved 327680K
}
Event: 548.088 GC heap before
{Heap before GC invocations=21 (full 0):
 garbage-first heap   total 262144K, used 111599K [0x00000000e0000000, 0x0000000100000000)
  region size 1024K, 16 young (16384K), 15 survivors (15360K)
 Metaspace       used 125736K, committed 126336K, reserved 458752K
  class space    used 16303K, committed 16576K, reserved 327680K
}
Event: 548.093 GC heap after
{Heap after GC invocations=22 (full 0):
 garbage-first heap   total 262144K, used 104287K [0x00000000e0000000, 0x0000000100000000)
  region size 1024K, 2 young (2048K), 2 survivors (2048K)
 Metaspace       used 125736K, committed 126336K, reserved 458752K
  class space    used 16303K, committed 16576K, reserved 327680K
}
Event: 548.738 GC heap before
{Heap before GC invocations=22 (full 0):
 garbage-first heap   total 262144K, used 208735K [0x00000000e0000000, 0x0000000100000000)
  region size 1024K, 104 young (106496K), 2 survivors (2048K)
 Metaspace       used 129106K, committed 129728K, reserved 458752K
  class space    used 16570K, committed 16832K, reserved 327680K
}
Event: 548.742 GC heap after
{Heap after GC invocations=23 (full 0):
 garbage-first heap   total 262144K, used 105610K [0x00000000e0000000, 0x0000000100000000)
  region size 1024K, 10 young (10240K), 10 survivors (10240K)
 Metaspace       used 129106K, committed 129728K, reserved 458752K
  class space    used 16570K, committed 16832K, reserved 327680K
}
Event: 549.520 GC heap before
{Heap before GC invocations=23 (full 0):
 garbage-first heap   total 262144K, used 206986K [0x00000000e0000000, 0x0000000100000000)
  region size 1024K, 110 young (112640K), 10 survivors (10240K)
 Metaspace       used 137912K, committed 138560K, reserved 458752K
  class space    used 17531K, committed 17856K, reserved 327680K
}
Event: 549.524 GC heap after
{Heap after GC invocations=24 (full 0):
 garbage-first heap   total 262144K, used 113114K [0x00000000e0000000, 0x0000000100000000)
  region size 1024K, 8 young (8192K), 8 survivors (8192K)
 Metaspace       used 137912K, committed 138560K, reserved 458752K
  class space    used 17531K, committed 17856K, reserved 327680K
}
Event: 549.897 GC heap before
{Heap before GC invocations=24 (full 0):
 garbage-first heap   total 262144K, used 211418K [0x00000000e0000000, 0x0000000100000000)
  region size 1024K, 103 young (105472K), 8 survivors (8192K)
 Metaspace       used 138592K, committed 139200K, reserved 458752K
  class space    used 17562K, committed 17856K, reserved 327680K
}
Event: 549.900 GC heap after
{Heap after GC invocations=25 (full 0):
 garbage-first heap   total 262144K, used 120272K [0x00000000e0000000, 0x0000000100000000)
  region size 1024K, 8 young (8192K), 8 survivors (8192K)
 Metaspace       used 138592K, committed 139200K, reserved 458752K
  class space    used 17562K, committed 17856K, reserved 327680K
}
Event: 550.327 GC heap before
{Heap before GC invocations=25 (full 0):
 garbage-first heap   total 262144K, used 211408K [0x00000000e0000000, 0x0000000100000000)
  region size 1024K, 97 young (99328K), 8 survivors (8192K)
 Metaspace       used 140422K, committed 141120K, reserved 458752K
  class space    used 17777K, committed 18112K, reserved 327680K
}
Event: 550.331 GC heap after
{Heap after GC invocations=26 (full 0):
 garbage-first heap   total 262144K, used 128374K [0x00000000e0000000, 0x0000000100000000)
  region size 1024K, 13 young (13312K), 13 survivors (13312K)
 Metaspace       used 140422K, committed 141120K, reserved 458752K
  class space    used 17777K, committed 18112K, reserved 327680K
}
Event: 557.634 GC heap before
{Heap before GC invocations=26 (full 0):
 garbage-first heap   total 262144K, used 212342K [0x00000000e0000000, 0x0000000100000000)
  region size 1024K, 95 young (97280K), 13 survivors (13312K)
 Metaspace       used 141122K, committed 141952K, reserved 458752K
  class space    used 17854K, committed 18240K, reserved 327680K
}
Event: 557.639 GC heap after
{Heap after GC invocations=27 (full 0):
 garbage-first heap   total 262144K, used 129024K [0x00000000e0000000, 0x0000000100000000)
  region size 1024K, 5 young (5120K), 5 survivors (5120K)
 Metaspace       used 141122K, committed 141952K, reserved 458752K
  class space    used 17854K, committed 18240K, reserved 327680K
}
Event: 557.957 GC heap before
{Heap before GC invocations=27 (full 0):
 garbage-first heap   total 262144K, used 212992K [0x00000000e0000000, 0x0000000100000000)
  region size 1024K, 88 young (90112K), 5 survivors (5120K)
 Metaspace       used 141411K, committed 142336K, reserved 458752K
  class space    used 17859K, committed 18304K, reserved 327680K
}
Event: 557.960 GC heap after
{Heap after GC invocations=28 (full 0):
 garbage-first heap   total 262144K, used 134137K [0x00000000e0000000, 0x0000000100000000)
  region size 1024K, 10 young (10240K), 10 survivors (10240K)
 Metaspace       used 141411K, committed 142336K, reserved 458752K
  class space    used 17859K, committed 18304K, reserved 327680K
}

